<?xml version="1.0" encoding="UTF-8"?>
<!-- Generated by org.testng.reporters.JUnitReportReporter -->
<testsuite hostname="smitas-MacBook-Air.local" failures="0" tests="1" name="discoveryTest.DiscoveryMyVideoPageTest" time="49.567" errors="0" timestamp="21 Aug 2019 05:05:31 GMT" skipped="0">
  <testcase classname="discoveryTest.DiscoveryMyVideoPageTest" name="verifyVideosFromMyVideoPage" time="49.567"/>
</testsuite> <!-- discoveryTest.DiscoveryMyVideoPageTest -->
