<?xml version="1.0" encoding="UTF-8"?>
<!-- Generated by org.testng.reporters.JUnitReportReporter -->
<testsuite hostname="smitas-MacBook-Air.local" failures="0" tests="1" name="discoveryTest.DiscoveryHomePageTest" time="6.259" errors="0" timestamp="21 Aug 2019 05:05:31 GMT" skipped="0">
  <testcase classname="discoveryTest.DiscoveryHomePageTest" name="verifyDiscoveryHomePage" time="6.259"/>
</testsuite> <!-- discoveryTest.DiscoveryHomePageTest -->
